[INFO] Scanning for projects...
[INFO] 
[INFO] -------------< org.jeecgframework.boot:jeecg-system-start >-------------
[INFO] Building jeecg-system-start 3.4.4
[INFO] --------------------------------[ jar ]---------------------------------
[INFO] 
[INFO] >>> spring-boot-maven-plugin:2.6.14:run (default-cli) > test-compile @ jeecg-system-start >>>
[INFO] 
[INFO] --- maven-resources-plugin:3.1.0:resources (default-resources) @ jeecg-system-start ---
[INFO] Using 'UTF-8' encoding to copy filtered resources.
[INFO] Copying 10 resources
[INFO] Copying 0 resource
[INFO] 
[INFO] --- maven-compiler-plugin:3.8.1:compile (default-compile) @ jeecg-system-start ---
[INFO] Changes detected - recompiling the module!
[INFO] Compiling 3 source files to D:\workspace\IETM\cape-ietm-java\jeecg-module-system\jeecg-system-start\target\classes
[INFO] 
[INFO] --- maven-resources-plugin:3.1.0:testResources (default-testResources) @ jeecg-system-start ---
[INFO] Using 'UTF-8' encoding to copy filtered resources.
[INFO] skip non existing resourceDirectory D:\workspace\IETM\cape-ietm-java\jeecg-module-system\jeecg-system-start\src\test\resources
[INFO] 
[INFO] --- maven-compiler-plugin:3.8.1:testCompile (default-testCompile) @ jeecg-system-start ---
[INFO] Changes detected - recompiling the module!
[INFO] Compiling 3 source files to D:\workspace\IETM\cape-ietm-java\jeecg-module-system\jeecg-system-start\target\test-classes
[INFO] 
[INFO] <<< spring-boot-maven-plugin:2.6.14:run (default-cli) < test-compile @ jeecg-system-start <<<
[INFO] 
[INFO] 
[INFO] --- spring-boot-maven-plugin:2.6.14:run (default-cli) @ jeecg-system-start ---
[INFO] Attaching agents: []

   _____          _____  ______    _____ ______ _______ __  __
  / ____|   /\   |  __ \|  ____|  |_   _|  ____|__   __|  \/  |
 | |       /  \  | |__) | |__       | | | |__     | |  | \  / |
 | |      / /\ \ |  ___/|  __|      | | |  __|    | |  | |\/| |
 | |____ / ____ \| |    | |____    _| |_| |____   | |  | |  | |
  \_____/_/    \_\_|    |______|  |_____|______|  |_|  |_|  |_|



Jeecg  Boot Version: 3.4.4
Spring Boot Version: 2.6.14 (v2.6.14)


2026-07-12 22:54:32.655 [main] [34mINFO [0;39m [36morg.jeecg.JeecgSystemApplication:55[0;39m - Starting JeecgSystemApplication using Java 1.8.0_121 on LAPTOP-3TIM7F4T with PID 20752 (D:\workspace\IETM\cape-ietm-java\jeecg-module-system\jeecg-system-start\target\classes started by Lenovo in D:\workspace\IETM\cape-ietm-java\jeecg-module-system\jeecg-system-start)
2026-07-12 22:54:32.655 [background-preinit] [34mINFO [0;39m [36morg.hibernate.validator.internal.util.Version:21[0;39m - HV000001: Hibernate Validator 6.2.5.Final
2026-07-12 22:54:32.660 [main] [34mINFO [0;39m [36morg.jeecg.JeecgSystemApplication:651[0;39m - The following 1 profile is active: "dm8"
2026-07-12 22:54:35.270 [main] [34mINFO [0;39m [36mo.s.d.r.config.RepositoryConfigurationDelegate:262[0;39m - Multiple Spring Data modules found, entering strict repository configuration mode
2026-07-12 22:54:35.272 [main] [34mINFO [0;39m [36mo.s.d.r.config.RepositoryConfigurationDelegate:132[0;39m - Bootstrapping Spring Data Redis repositories in DEFAULT mode.
2026-07-12 22:54:35.345 [main] [34mINFO [0;39m [36mo.s.d.r.config.RepositoryConfigurationDelegate:201[0;39m - Finished Spring Data repository scanning in 56 ms. Found 0 Redis repository interfaces.
2026-07-12 22:54:35.455 [main] [34mINFO [0;39m [36mo.j.minidao.auto.MinidaoAutoConfiguration:23[0;39m -  ******************* init miniDao config [ begin ] *********************** 
2026-07-12 22:54:35.457 [main] [34mINFO [0;39m [36mo.j.minidao.auto.MinidaoAutoConfiguration:25[0;39m -  ------ minidao.base-package ------- org.jeecg.modules.jmreport.desreport.*
2026-07-12 22:54:35.458 [main] [34mINFO [0;39m [36mo.j.minidao.auto.MinidaoAutoConfiguration:42[0;39m -  *******************  init miniDao config  [ end ] *********************** 
2026-07-12 22:54:35.473 [main] [31mWARN [0;39m [36morg.mybatis.spring.mapper.ClassPathMapperScanner:44[0;39m - No MyBatis mapper was found in '[org.jeecg.modules.hrutilization.mapper]' package. Please check your configuration.
2026-07-12 22:54:35.507 [main] [34mINFO [0;39m [36mo.j.minidao.factory.MiniDaoClassPathMapperScanner:48[0;39m - register minidao name is { org.jeecg.modules.jmreport.desreport.dao.JimuReportDao }
2026-07-12 22:54:35.507 [main] [34mINFO [0;39m [36mo.j.minidao.factory.MiniDaoClassPathMapperScanner:48[0;39m - register minidao name is { org.jeecg.modules.jmreport.desreport.dao.JimuReportDataSourceDao }
2026-07-12 22:54:35.507 [main] [34mINFO [0;39m [36mo.j.minidao.factory.MiniDaoClassPathMapperScanner:48[0;39m - register minidao name is { org.jeecg.modules.jmreport.desreport.dao.JimuReportDbDao }
2026-07-12 22:54:35.507 [main] [34mINFO [0;39m [36mo.j.minidao.factory.MiniDaoClassPathMapperScanner:48[0;39m - register minidao name is { org.jeecg.modules.jmreport.desreport.dao.JimuReportDbFieldDao }
2026-07-12 22:54:35.507 [main] [34mINFO [0;39m [36mo.j.minidao.factory.MiniDaoClassPathMapperScanner:48[0;39m - register minidao name is { org.jeecg.modules.jmreport.desreport.dao.JimuReportDbParamDao }
2026-07-12 22:54:35.507 [main] [34mINFO [0;39m [36mo.j.minidao.factory.MiniDaoClassPathMapperScanner:48[0;39m - register minidao name is { org.jeecg.modules.jmreport.desreport.dao.JimuReportDictDao }
2026-07-12 22:54:35.507 [main] [34mINFO [0;39m [36mo.j.minidao.factory.MiniDaoClassPathMapperScanner:48[0;39m - register minidao name is { org.jeecg.modules.jmreport.desreport.dao.JimuReportDictItemDao }
2026-07-12 22:54:35.507 [main] [34mINFO [0;39m [36mo.j.minidao.factory.MiniDaoClassPathMapperScanner:48[0;39m - register minidao name is { org.jeecg.modules.jmreport.desreport.dao.JimuReportLinkDao }
2026-07-12 22:54:35.521 [main] [34mINFO [0;39m [36mo.j.minidao.factory.MiniDaoClassPathMapperScanner:48[0;39m - register minidao name is { org.jeecg.modules.jmreport.desreport.dao.JimuReportMapDao }
2026-07-12 22:54:35.521 [main] [34mINFO [0;39m [36mo.j.minidao.factory.MiniDaoClassPathMapperScanner:48[0;39m - register minidao name is { org.jeecg.modules.jmreport.desreport.dao.JimuReportShareDao }
2026-07-12 22:54:35.822 [main] [34mINFO [0;39m [36mo.s.c.s.PostProcessorRegistrationDelegate$BeanPostProcessorChecker:376[0;39m - Bean '(inner bean)#24405466#9' of type [org.jeecgframework.minidao.aop.MiniDaoHandler] is not eligible for getting processed by all BeanPostProcessors (for example: not eligible for auto-proxying)
2026-07-12 22:54:35.822 [main] [34mINFO [0;39m [36mo.s.c.s.PostProcessorRegistrationDelegate$BeanPostProcessorChecker:376[0;39m - Bean 'jimuReportShareDao' of type [org.jeecgframework.minidao.factory.MiniDaoBeanFactory] is not eligible for getting processed by all BeanPostProcessors (for example: not eligible for auto-proxying)
2026-07-12 22:54:35.835 [main] [34mINFO [0;39m [36mo.s.c.s.PostProcessorRegistrationDelegate$BeanPostProcessorChecker:376[0;39m - Bean '(inner bean)#24405466#8' of type [org.jeecgframework.minidao.aop.MiniDaoHandler] is not eligible for getting processed by all BeanPostProcessors (for example: not eligible for auto-proxying)
2026-07-12 22:54:35.835 [main] [34mINFO [0;39m [36mo.s.c.s.PostProcessorRegistrationDelegate$BeanPostProcessorChecker:376[0;39m - Bean 'jimuReportMapDao' of type [org.jeecgframework.minidao.factory.MiniDaoBeanFactory] is not eligible for getting processed by all BeanPostProcessors (for example: not eligible for auto-proxying)
2026-07-12 22:54:35.837 [main] [34mINFO [0;39m [36mo.s.c.s.PostProcessorRegistrationDelegate$BeanPostProcessorChecker:376[0;39m - Bean '(inner bean)#24405466#7' of type [org.jeecgframework.minidao.aop.MiniDaoHandler] is not eligible for getting processed by all BeanPostProcessors (for example: not eligible for auto-proxying)
2026-07-12 22:54:35.837 [main] [34mINFO [0;39m [36mo.s.c.s.PostProcessorRegistrationDelegate$BeanPostProcessorChecker:376[0;39m - Bean 'jimuReportLinkDao' of type [org.jeecgframework.minidao.factory.MiniDaoBeanFactory] is not eligible for getting processed by all BeanPostProcessors (for example: not eligible for auto-proxying)
2026-07-12 22:54:35.837 [main] [34mINFO [0;39m [36mo.s.c.s.PostProcessorRegistrationDelegate$BeanPostProcessorChecker:376[0;39m - Bean '(inner bean)#24405466#6' of type [org.jeecgframework.minidao.aop.MiniDaoHandler] is not eligible for getting processed by all BeanPostProcessors (for example: not eligible for auto-proxying)
2026-07-12 22:54:35.837 [main] [34mINFO [0;39m [36mo.s.c.s.PostProcessorRegistrationDelegate$BeanPostProcessorChecker:376[0;39m - Bean 'jimuReportDictItemDao' of type [org.jeecgframework.minidao.factory.MiniDaoBeanFactory] is not eligible for getting processed by all BeanPostProcessors (for example: not eligible for auto-proxying)
2026-07-12 22:54:35.837 [main] [34mINFO [0;39m [36mo.s.c.s.PostProcessorRegistrationDelegate$BeanPostProcessorChecker:376[0;39m - Bean '(inner bean)#24405466#5' of type [org.jeecgframework.minidao.aop.MiniDaoHandler] is not eligible for getting processed by all BeanPostProcessors (for example: not eligible for auto-proxying)
2026-07-12 22:54:35.837 [main] [34mINFO [0;39m [36mo.s.c.s.PostProcessorRegistrationDelegate$BeanPostProcessorChecker:376[0;39m - Bean 'jimuReportDictDao' of type [org.jeecgframework.minidao.factory.MiniDaoBeanFactory] is not eligible for getting processed by all BeanPostProcessors (for example: not eligible for auto-proxying)
2026-07-12 22:54:35.837 [main] [34mINFO [0;39m [36mo.s.c.s.PostProcessorRegistrationDelegate$BeanPostProcessorChecker:376[0;39m - Bean '(inner bean)#24405466#4' of type [org.jeecgframework.minidao.aop.MiniDaoHandler] is not eligible for getting processed by all BeanPostProcessors (for example: not eligible for auto-proxying)
2026-07-12 22:54:35.837 [main] [34mINFO [0;39m [36mo.s.c.s.PostProcessorRegistrationDelegate$BeanPostProcessorChecker:376[0;39m - Bean 'jimuReportDbParamDao' of type [org.jeecgframework.minidao.factory.MiniDaoBeanFactory] is not eligible for getting processed by all BeanPostProcessors (for example: not eligible for auto-proxying)
2026-07-12 22:54:35.837 [main] [34mINFO [0;39m [36mo.s.c.s.PostProcessorRegistrationDelegate$BeanPostProcessorChecker:376[0;39m - Bean '(inner bean)#24405466#3' of type [org.jeecgframework.minidao.aop.MiniDaoHandler] is not eligible for getting processed by all BeanPostProcessors (for example: not eligible for auto-proxying)
2026-07-12 22:54:35.837 [main] [34mINFO [0;39m [36mo.s.c.s.PostProcessorRegistrationDelegate$BeanPostProcessorChecker:376[0;39m - Bean 'jimuReportDbFieldDao' of type [org.jeecgframework.minidao.factory.MiniDaoBeanFactory] is not eligible for getting processed by all BeanPostProcessors (for example: not eligible for auto-proxying)
2026-07-12 22:54:35.837 [main] [34mINFO [0;39m [36mo.s.c.s.PostProcessorRegistrationDelegate$BeanPostProcessorChecker:376[0;39m - Bean '(inner bean)#24405466#2' of type [org.jeecgframework.minidao.aop.MiniDaoHandler] is not eligible for getting processed by all BeanPostProcessors (for example: not eligible for auto-proxying)
2026-07-12 22:54:35.837 [main] [34mINFO [0;39m [36mo.s.c.s.PostProcessorRegistrationDelegate$BeanPostProcessorChecker:376[0;39m - Bean 'jimuReportDbDao' of type [org.jeecgframework.minidao.factory.MiniDaoBeanFactory] is not eligible for getting processed by all BeanPostProcessors (for example: not eligible for auto-proxying)
2026-07-12 22:54:35.837 [main] [34mINFO [0;39m [36mo.s.c.s.PostProcessorRegistrationDelegate$BeanPostProcessorChecker:376[0;39m - Bean '(inner bean)#24405466#1' of type [org.jeecgframework.minidao.aop.MiniDaoHandler] is not eligible for getting processed by all BeanPostProcessors (for example: not eligible for auto-proxying)
2026-07-12 22:54:35.837 [main] [34mINFO [0;39m [36mo.s.c.s.PostProcessorRegistrationDelegate$BeanPostProcessorChecker:376[0;39m - Bean 'jimuReportDataSourceDao' of type [org.jeecgframework.minidao.factory.MiniDaoBeanFactory] is not eligible for getting processed by all BeanPostProcessors (for example: not eligible for auto-proxying)
2026-07-12 22:54:35.837 [main] [34mINFO [0;39m [36mo.s.c.s.PostProcessorRegistrationDelegate$BeanPostProcessorChecker:376[0;39m - Bean '(inner bean)#24405466' of type [org.jeecgframework.minidao.aop.MiniDaoHandler] is not eligible for getting processed by all BeanPostProcessors (for example: not eligible for auto-proxying)
2026-07-12 22:54:35.837 [main] [34mINFO [0;39m [36mo.s.c.s.PostProcessorRegistrationDelegate$BeanPostProcessorChecker:376[0;39m - Bean 'jimuReportDao' of type [org.jeecgframework.minidao.factory.MiniDaoBeanFactory] is not eligible for getting processed by all BeanPostProcessors (for example: not eligible for auto-proxying)
2026-07-12 22:54:35.853 [main] [34mINFO [0;39m [36mo.s.c.s.PostProcessorRegistrationDelegate$BeanPostProcessorChecker:376[0;39m - Bean 'spring.redis-org.springframework.boot.autoconfigure.data.redis.RedisProperties' of type [org.springframework.boot.autoconfigure.data.redis.RedisProperties] is not eligible for getting processed by all BeanPostProcessors (for example: not eligible for auto-proxying)
2026-07-12 22:54:35.853 [main] [34mINFO [0;39m [36mo.s.c.s.PostProcessorRegistrationDelegate$BeanPostProcessorChecker:376[0;39m - Bean 'org.springframework.boot.autoconfigure.data.redis.LettuceConnectionConfiguration' of type [org.springframework.boot.autoconfigure.data.redis.LettuceConnectionConfiguration] is not eligible for getting processed by all BeanPostProcessors (for example: not eligible for auto-proxying)
2026-07-12 22:54:36.646 [main] [34mINFO [0;39m [36mo.s.c.s.PostProcessorRegistrationDelegate$BeanPostProcessorChecker:376[0;39m - Bean 'org.springframework.boot.actuate.autoconfigure.metrics.redis.LettuceMetricsAutoConfiguration' of type [org.springframework.boot.actuate.autoconfigure.metrics.redis.LettuceMetricsAutoConfiguration] is not eligible for getting processed by all BeanPostProcessors (for example: not eligible for auto-proxying)
2026-07-12 22:54:36.647 [main] [34mINFO [0;39m [36mo.s.c.s.PostProcessorRegistrationDelegate$BeanPostProcessorChecker:376[0;39m - Bean 'org.springframework.boot.actuate.autoconfigure.metrics.export.prometheus.PrometheusMetricsExportAutoConfiguration' of type [org.springframework.boot.actuate.autoconfigure.metrics.export.prometheus.PrometheusMetricsExportAutoConfiguration] is not eligible for getting processed by all BeanPostProcessors (for example: not eligible for auto-proxying)
2026-07-12 22:54:36.651 [main] [34mINFO [0;39m [36mo.s.c.s.PostProcessorRegistrationDelegate$BeanPostProcessorChecker:376[0;39m - Bean 'management.metrics.export.prometheus-org.springframework.boot.actuate.autoconfigure.metrics.export.prometheus.PrometheusProperties' of type [org.springframework.boot.actuate.autoconfigure.metrics.export.prometheus.PrometheusProperties] is not eligible for getting processed by all BeanPostProcessors (for example: not eligible for auto-proxying)
2026-07-12 22:54:36.653 [main] [34mINFO [0;39m [36mo.s.c.s.PostProcessorRegistrationDelegate$BeanPostProcessorChecker:376[0;39m - Bean 'prometheusConfig' of type [org.springframework.boot.actuate.autoconfigure.metrics.export.prometheus.PrometheusPropertiesConfigAdapter] is not eligible for getting processed by all BeanPostProcessors (for example: not eligible for auto-proxying)
2026-07-12 22:54:36.655 [main] [34mINFO [0;39m [36mo.s.c.s.PostProcessorRegistrationDelegate$BeanPostProcessorChecker:376[0;39m - Bean 'collectorRegistry' of type [io.prometheus.client.CollectorRegistry] is not eligible for getting processed by all BeanPostProcessors (for example: not eligible for auto-proxying)
2026-07-12 22:54:36.656 [main] [34mINFO [0;39m [36mo.s.c.s.PostProcessorRegistrationDelegate$BeanPostProcessorChecker:376[0;39m - Bean 'org.springframework.boot.actuate.autoconfigure.metrics.MetricsAutoConfiguration' of type [org.springframework.boot.actuate.autoconfigure.metrics.MetricsAutoConfiguration] is not eligible for getting processed by all BeanPostProcessors (for example: not eligible for auto-proxying)
2026-07-12 22:54:36.657 [main] [34mINFO [0;39m [36mo.s.c.s.PostProcessorRegistrationDelegate$BeanPostProcessorChecker:376[0;39m - Bean 'micrometerClock' of type [io.micrometer.core.instrument.Clock$1] is not eligible for getting processed by all BeanPostProcessors (for example: not eligible for auto-proxying)
2026-07-12 22:54:36.676 [main] [34mINFO [0;39m [36mo.s.c.s.PostProcessorRegistrationDelegate$BeanPostProcessorChecker:376[0;39m - Bean 'prometheusMeterRegistry' of type [io.micrometer.prometheus.PrometheusMeterRegistry] is not eligible for getting processed by all BeanPostProcessors (for example: not eligible for auto-proxying)
2026-07-12 22:54:36.679 [main] [34mINFO [0;39m [36mo.s.c.s.PostProcessorRegistrationDelegate$BeanPostProcessorChecker:376[0;39m - Bean 'micrometerOptions' of type [io.lettuce.core.metrics.MicrometerOptions] is not eligible for getting processed by all BeanPostProcessors (for example: not eligible for auto-proxying)
2026-07-12 22:54:36.680 [main] [34mINFO [0;39m [36mo.s.c.s.PostProcessorRegistrationDelegate$BeanPostProcessorChecker:376[0;39m - Bean 'lettuceMetrics' of type [org.springframework.boot.actuate.autoconfigure.metrics.redis.LettuceMetricsAutoConfiguration$$Lambda$435/92221031] is not eligible for getting processed by all BeanPostProcessors (for example: not eligible for auto-proxying)
2026-07-12 22:54:36.749 [main] [34mINFO [0;39m [36mo.s.c.s.PostProcessorRegistrationDelegate$BeanPostProcessorChecker:376[0;39m - Bean 'lettuceClientResources' of type [io.lettuce.core.resource.DefaultClientResources] is not eligible for getting processed by all BeanPostProcessors (for example: not eligible for auto-proxying)
2026-07-12 22:54:36.825 [main] [34mINFO [0;39m [36mo.s.c.s.PostProcessorRegistrationDelegate$BeanPostProcessorChecker:376[0;39m - Bean 'redisConnectionFactory' of type [org.springframework.data.redis.connection.lettuce.LettuceConnectionFactory] is not eligible for getting processed by all BeanPostProcessors (for example: not eligible for auto-proxying)
2026-07-12 22:54:36.829 [main] [34mINFO [0;39m [36mo.s.c.s.PostProcessorRegistrationDelegate$BeanPostProcessorChecker:376[0;39m - Bean 'jeecgBaseConfig' of type [org.jeecg.config.JeecgBaseConfig] is not eligible for getting processed by all BeanPostProcessors (for example: not eligible for auto-proxying)
2026-07-12 22:54:36.831 [main] [34mINFO [0;39m [36mo.s.c.s.PostProcessorRegistrationDelegate$BeanPostProcessorChecker:376[0;39m - Bean 'shiroConfig' of type [org.jeecg.config.shiro.ShiroConfig$$EnhancerBySpringCGLIB$$e1c24ac9] is not eligible for getting processed by all BeanPostProcessors (for example: not eligible for auto-proxying)
2026-07-12 22:54:37.126 [main] [34mINFO [0;39m [36mo.s.c.s.PostProcessorRegistrationDelegate$BeanPostProcessorChecker:376[0;39m - Bean 'spring.datasource.dynamic-com.baomidou.dynamic.datasource.spring.boot.autoconfigure.DynamicDataSourceProperties' of type [com.baomidou.dynamic.datasource.spring.boot.autoconfigure.DynamicDataSourceProperties] is not eligible for getting processed by all BeanPostProcessors (for example: not eligible for auto-proxying)
2026-07-12 22:54:37.133 [main] [34mINFO [0;39m [36mo.s.c.s.PostProcessorRegistrationDelegate$BeanPostProcessorChecker:376[0;39m - Bean 'com.baomidou.dynamic.datasource.spring.boot.autoconfigure.DynamicDataSourceAutoConfiguration' of type [com.baomidou.dynamic.datasource.spring.boot.autoconfigure.DynamicDataSourceAutoConfiguration$$EnhancerBySpringCGLIB$$ec1473a1] is not eligible for getting processed by all BeanPostProcessors (for example: not eligible for auto-proxying)
2026-07-12 22:54:37.142 [main] [34mINFO [0;39m [36mo.s.c.s.PostProcessorRegistrationDelegate$BeanPostProcessorChecker:376[0;39m - Bean 'dsProcessor' of type [com.baomidou.dynamic.datasource.processor.DsHeaderProcessor] is not eligible for getting processed by all BeanPostProcessors (for example: not eligible for auto-proxying)
2026-07-12 22:54:37.182 [main] [34mINFO [0;39m [36mo.s.c.s.PostProcessorRegistrationDelegate$BeanPostProcessorChecker:376[0;39m - Bean 'redisConfig' of type [org.jeecg.common.modules.redis.config.RedisConfig$$EnhancerBySpringCGLIB$$ff245af9] is not eligible for getting processed by all BeanPostProcessors (for example: not eligible for auto-proxying)
2026-07-12 22:54:37.225 [main] [34mINFO [0;39m [36mo.s.c.s.PostProcessorRegistrationDelegate$BeanPostProcessorChecker:376[0;39m - Bean 'shiroRealm' of type [org.jeecg.config.shiro.ShiroRealm] is not eligible for getting processed by all BeanPostProcessors (for example: not eligible for auto-proxying)
2026-07-12 22:54:38.069 [main] [34mINFO [0;39m [36morg.jeecg.config.shiro.ShiroConfig:232[0;39m - ===============(1)创建缓存管理器RedisCacheManager
2026-07-12 22:54:38.071 [main] [34mINFO [0;39m [36morg.jeecg.config.shiro.ShiroConfig:250[0;39m - ===============(2)创建RedisManager,连接Redis..
2026-07-12 22:54:38.074 [main] [34mINFO [0;39m [36mo.s.c.s.PostProcessorRegistrationDelegate$BeanPostProcessorChecker:376[0;39m - Bean 'redisManager' of type [org.crazycake.shiro.RedisManager] is not eligible for getting processed by all BeanPostProcessors (for example: not eligible for auto-proxying)
2026-07-12 22:54:38.081 [main] [34mINFO [0;39m [36mo.s.c.s.PostProcessorRegistrationDelegate$BeanPostProcessorChecker:376[0;39m - Bean 'securityManager' of type [org.apache.shiro.web.mgt.DefaultWebSecurityManager] is not eligible for getting processed by all BeanPostProcessors (for example: not eligible for auto-proxying)
2026-07-12 22:54:38.104 [main] [34mINFO [0;39m [36mo.s.c.s.PostProcessorRegistrationDelegate$BeanPostProcessorChecker:376[0;39m - Bean 'authorizationAttributeSourceAdvisor' of type [org.apache.shiro.spring.security.interceptor.AuthorizationAttributeSourceAdvisor] is not eligible for getting processed by all BeanPostProcessors (for example: not eligible for auto-proxying)
2026-07-12 22:54:38.125 [main] [34mINFO [0;39m [36mo.s.c.s.PostProcessorRegistrationDelegate$BeanPostProcessorChecker:376[0;39m - Bean 'org.apache.shiro.spring.boot.autoconfigure.ShiroBeanAutoConfiguration' of type [org.apache.shiro.spring.boot.autoconfigure.ShiroBeanAutoConfiguration$$EnhancerBySpringCGLIB$$959ee080] is not eligible for getting processed by all BeanPostProcessors (for example: not eligible for auto-proxying)
2026-07-12 22:54:38.128 [main] [34mINFO [0;39m [36mo.s.c.s.PostProcessorRegistrationDelegate$BeanPostProcessorChecker:376[0;39m - Bean 'eventBus' of type [org.apache.shiro.event.support.DefaultEventBus] is not eligible for getting processed by all BeanPostProcessors (for example: not eligible for auto-proxying)
2026-07-12 22:54:38.444 [main] [34mINFO [0;39m [36mo.s.boot.web.embedded.tomcat.TomcatWebServer:108[0;39m - Tomcat initialized with port(s): 9999 (http)
2026-07-12 22:54:38.452 [main] [34mINFO [0;39m [36morg.apache.coyote.http11.Http11NioProtocol:173[0;39m - Initializing ProtocolHandler ["http-nio-9999"]
2026-07-12 22:54:38.459 [main] [34mINFO [0;39m [36morg.apache.catalina.core.StandardService:173[0;39m - Starting service [Tomcat]
2026-07-12 22:54:38.459 [main] [34mINFO [0;39m [36morg.apache.catalina.core.StandardEngine:173[0;39m - Starting Servlet engine: [Apache Tomcat/9.0.69]
2026-07-12 22:54:38.631 [main] [34mINFO [0;39m [36mo.a.c.c.C.[Tomcat].[localhost].[/jeecg-boot]:173[0;39m - Initializing Spring embedded WebApplicationContext
2026-07-12 22:54:38.632 [main] [34mINFO [0;39m [36mo.s.b.w.s.c.ServletWebServerApplicationContext:290[0;39m - Root WebApplicationContext: initialization completed in 5892 ms
2026-07-12 22:54:38.804 [main] [34mINFO [0;39m [36mo.j.m.jmreport.config.init.JimuReportConfiguration:99[0;39m -  Init JimuReport Config [ Token Interceptor & Resource Locations ] 
2026-07-12 22:54:39.111 [main] [34mINFO [0;39m [36mc.a.d.s.b.a.DruidDataSourceAutoConfigure:56[0;39m - Init DruidDataSource
2026-07-12 22:54:39.634 [main] [34mINFO [0;39m [36mcom.alibaba.druid.pool.DruidDataSource:994[0;39m - {dataSource-1} inited
2026-07-12 22:54:41.770 [main] [34mINFO [0;39m [36morg.jeecg.common.modules.redis.config.RedisConfig:56[0;39m -  --- redis config init --- 
2026-07-12 22:54:43.698 [main] [34mINFO [0;39m [36morg.quartz.impl.StdSchedulerFactory:1220[0;39m - Using default implementation for ThreadExecutor
2026-07-12 22:54:43.717 [main] [34mINFO [0;39m [36morg.quartz.core.SchedulerSignalerImpl:61[0;39m - Initialized Scheduler Signaller of type: class org.quartz.core.SchedulerSignalerImpl
2026-07-12 22:54:43.717 [main] [34mINFO [0;39m [36morg.quartz.core.QuartzScheduler:229[0;39m - Quartz Scheduler v.2.3.2 created.
2026-07-12 22:54:43.730 [main] [34mINFO [0;39m [36mo.s.scheduling.quartz.LocalDataSourceJobStore:672[0;39m - Using db table-based data access locking (synchronization).
2026-07-12 22:54:43.730 [main] [34mINFO [0;39m [36mo.s.scheduling.quartz.LocalDataSourceJobStore:145[0;39m - JobStoreCMT initialized.
2026-07-12 22:54:43.730 [main] [34mINFO [0;39m [36morg.quartz.core.QuartzScheduler:294[0;39m - Scheduler meta-data: Quartz Scheduler (v2.3.2) 'quartzScheduler' with instanceId 'NON_CLUSTERED'
  Scheduler class: 'org.quartz.core.QuartzScheduler' - running locally.
  NOT STARTED.
  Currently in standby mode.
  Number of jobs executed: 0
  Using thread pool 'org.quartz.simpl.SimpleThreadPool' - with 10 threads.
  Using job-store 'org.springframework.scheduling.quartz.LocalDataSourceJobStore' - which supports persistence. and is not clustered.

2026-07-12 22:54:43.730 [main] [34mINFO [0;39m [36morg.quartz.impl.StdSchedulerFactory:1374[0;39m - Quartz scheduler 'quartzScheduler' initialized from an externally provided properties instance.
2026-07-12 22:54:43.730 [main] [34mINFO [0;39m [36morg.quartz.impl.StdSchedulerFactory:1378[0;39m - Quartz scheduler version: 2.3.2
2026-07-12 22:54:43.730 [main] [34mINFO [0;39m [36morg.quartz.core.QuartzScheduler:2293[0;39m - JobFactory set to: org.springframework.scheduling.quartz.SpringBeanJobFactory@69e8f7a5
2026-07-12 22:54:45.973 [main] [34mINFO [0;39m [36mo.j.modules.jmreport.config.JmReportExecutorConfig:42[0;39m -  Init JimuReport Config [ 线程池 ] 
2026-07-12 22:54:46.303 [main] [34mINFO [0;39m [36mo.j.b.s.l.c.s.i.StandaloneRedissonConfigStrategyImpl:33[0;39m - 初始化Redisson单机配置,连接地址:127.0.0.1:6379
2026-07-12 22:54:46.450 [main] [34mINFO [0;39m [36morg.redisson.Version:41[0;39m - Redisson 3.16.1
2026-07-12 22:54:47.029 [main] [1;31mERROR[0;39m [36morg.jeecg.boot.starter.lock.core.RedissonManager:41[0;39m - Redisson初始化错误
org.redisson.client.RedisConnectionException: Unable to connect to Redis server: 127.0.0.1/127.0.0.1:6379
	at org.redisson.connection.pool.ConnectionPool$1.lambda$run$0(ConnectionPool.java:158)
	at org.redisson.misc.RedissonPromise.lambda$onComplete$0(RedissonPromise.java:183)
	at io.netty.util.concurrent.DefaultPromise.notifyListener0(DefaultPromise.java:578)
	at io.netty.util.concurrent.DefaultPromise.notifyListenersNow(DefaultPromise.java:552)
	at io.netty.util.concurrent.DefaultPromise.notifyListeners(DefaultPromise.java:491)
	at io.netty.util.concurrent.DefaultPromise.setValue0(DefaultPromise.java:616)
	at io.netty.util.concurrent.DefaultPromise.setFailure0(DefaultPromise.java:609)
	at io.netty.util.concurrent.DefaultPromise.tryFailure(DefaultPromise.java:117)
	at org.redisson.misc.RedissonPromise.tryFailure(RedissonPromise.java:96)
	at org.redisson.connection.pool.ConnectionPool.promiseFailure(ConnectionPool.java:310)
	at org.redisson.connection.pool.ConnectionPool.lambda$createConnection$2(ConnectionPool.java:276)
	at org.redisson.misc.RedissonPromise.lambda$onComplete$0(RedissonPromise.java:183)
	at io.netty.util.concurrent.DefaultPromise.notifyListener0(DefaultPromise.java:578)
	at io.netty.util.concurrent.DefaultPromise.notifyListeners0(DefaultPromise.java:571)
	at io.netty.util.concurrent.DefaultPromise.notifyListenersNow(DefaultPromise.java:550)
	at io.netty.util.concurrent.DefaultPromise.notifyListeners(DefaultPromise.java:491)
	at io.netty.util.concurrent.DefaultPromise.setValue0(DefaultPromise.java:616)
	at io.netty.util.concurrent.DefaultPromise.setFailure0(DefaultPromise.java:609)
	at io.netty.util.concurrent.DefaultPromise.tryFailure(DefaultPromise.java:117)
	at org.redisson.misc.RedissonPromise.tryFailure(RedissonPromise.java:96)
	at org.redisson.client.RedisClient$2$1.run(RedisClient.java:242)
	at io.netty.util.concurrent.AbstractEventExecutor.runTask(AbstractEventExecutor.java:174)
	at io.netty.util.concurrent.AbstractEventExecutor.safeExecute(AbstractEventExecutor.java:167)
	at io.netty.util.concurrent.SingleThreadEventExecutor.runAllTasks(SingleThreadEventExecutor.java:470)
	at io.netty.channel.nio.NioEventLoop.run(NioEventLoop.java:569)
	at io.netty.util.concurrent.SingleThreadEventExecutor$4.run(SingleThreadEventExecutor.java:997)
	at io.netty.util.internal.ThreadExecutorMap$2.run(ThreadExecutorMap.java:74)
	at io.netty.util.concurrent.FastThreadLocalRunnable.run(FastThreadLocalRunnable.java:30)
	at java.lang.Thread.run(Thread.java:745)
Caused by: org.redisson.client.RedisException: ERR operation not permitted. channel: [id: 0x6ff46402, L:/127.0.0.1:57487 - R:127.0.0.1/127.0.0.1:6379] command: (PING), params: []
	at org.redisson.client.handler.CommandDecoder.decode(CommandDecoder.java:353)
	at org.redisson.client.handler.CommandDecoder.decodeCommand(CommandDecoder.java:183)
	at org.redisson.client.handler.CommandDecoder.decode(CommandDecoder.java:122)
	at org.redisson.client.handler.CommandDecoder.decode(CommandDecoder.java:107)
	at io.netty.handler.codec.ByteToMessageDecoder.decodeRemovalReentryProtection(ByteToMessageDecoder.java:529)
	at io.netty.handler.codec.ReplayingDecoder.callDecode(ReplayingDecoder.java:366)
	at io.netty.handler.codec.ByteToMessageDecoder.channelRead(ByteToMessageDecoder.java:290)
	at io.netty.channel.AbstractChannelHandlerContext.invokeChannelRead(AbstractChannelHandlerContext.java:444)
	at io.netty.channel.AbstractChannelHandlerContext.invokeChannelRead(AbstractChannelHandlerContext.java:420)
	at io.netty.channel.AbstractChannelHandlerContext.fireChannelRead(AbstractChannelHandlerContext.java:412)
	at io.netty.channel.DefaultChannelPipeline$HeadContext.channelRead(DefaultChannelPipeline.java:1410)
	at io.netty.channel.AbstractChannelHandlerContext.invokeChannelRead(AbstractChannelHandlerContext.java:440)
	at io.netty.channel.AbstractChannelHandlerContext.invokeChannelRead(AbstractChannelHandlerContext.java:420)
	at io.netty.channel.DefaultChannelPipeline.fireChannelRead(DefaultChannelPipeline.java:919)
	at io.netty.channel.nio.AbstractNioByteChannel$NioByteUnsafe.read(AbstractNioByteChannel.java:166)
	at io.netty.channel.nio.NioEventLoop.processSelectedKey(NioEventLoop.java:788)
	at io.netty.channel.nio.NioEventLoop.processSelectedKeysOptimized(NioEventLoop.java:724)
	at io.netty.channel.nio.NioEventLoop.processSelectedKeys(NioEventLoop.java:650)
	at io.netty.channel.nio.NioEventLoop.run(NioEventLoop.java:562)
	... 4 common frames omitted
2026-07-12 22:54:47.029 [main] [34mINFO [0;39m [36mo.j.boot.starter.lock.config.RedissonConfiguration:32[0;39m - RedissonManager初始化完成,当前连接方式:STANDALONE,连接地址:127.0.0.1:6379
2026-07-12 22:54:48.607 [main] [34mINFO [0;39m [36mo.s.b.actuate.endpoint.web.EndpointLinksResolver:58[0;39m - Exposing 2 endpoint(s) beneath base path '/actuator'
2026-07-12 22:54:49.965 [main] [34mINFO [0;39m [36morg.apache.coyote.http11.Http11NioProtocol:173[0;39m - Starting ProtocolHandler ["http-nio-9999"]
2026-07-12 22:54:49.975 [main] [34mINFO [0;39m [36mo.s.boot.web.embedded.tomcat.TomcatWebServer:220[0;39m - Tomcat started on port(s): 9999 (http) with context path '/jeecg-boot'
2026-07-12 22:54:50.228 [main] [34mINFO [0;39m [36mo.s.scheduling.quartz.SchedulerFactoryBean:729[0;39m - Starting Quartz Scheduler now
2026-07-12 22:54:50.255 [main] [34mINFO [0;39m [36mo.s.scheduling.quartz.LocalDataSourceJobStore:866[0;39m - Freed 0 triggers from 'acquired' / 'blocked' state.
2026-07-12 22:54:50.255 [main] [34mINFO [0;39m [36mo.s.scheduling.quartz.LocalDataSourceJobStore:876[0;39m - Recovering 0 jobs that were in-progress at the time of the last shut-down.
2026-07-12 22:54:50.255 [main] [34mINFO [0;39m [36mo.s.scheduling.quartz.LocalDataSourceJobStore:889[0;39m - Recovery complete.
2026-07-12 22:54:50.255 [main] [34mINFO [0;39m [36mo.s.scheduling.quartz.LocalDataSourceJobStore:896[0;39m - Removed 0 'complete' triggers.
2026-07-12 22:54:50.255 [main] [34mINFO [0;39m [36mo.s.scheduling.quartz.LocalDataSourceJobStore:901[0;39m - Removed 0 stale fired job entries.
2026-07-12 22:54:50.255 [main] [34mINFO [0;39m [36morg.quartz.core.QuartzScheduler:547[0;39m - Scheduler quartzScheduler_$_NON_CLUSTERED started.
2026-07-12 22:54:50.271 [main] [34mINFO [0;39m [36morg.jeecg.JeecgSystemApplication:61[0;39m - Started JeecgSystemApplication in 18.61 seconds (JVM running for 19.295)
2026-07-12 22:54:50.288 [main] [34mINFO [0;39m [36morg.jeecg.config.init.CodeTemplateInitListener:30[0;39m -  Init Code Generate Template [ 检测如果是JAR启动环境，Copy模板到config目录 ] 
2026-07-12 22:54:50.288 [main] [34mINFO [0;39m [36morg.jeecg.JeecgSystemApplication:38[0;39m - 
----------------------------------------------------------
	Application Jeecg-Boot is running! Access URLs:
	Local: 		http://localhost:9999/jeecg-boot/
	External: 	http://192.168.10.204:9999/jeecg-boot/
	Swagger文档: 	http://192.168.10.204:9999/jeecg-boot/doc.html
----------------------------------------------------------
2026-07-12 22:54:59.845 [http-nio-9999-exec-1] [34mINFO [0;39m [36mo.a.c.c.C.[Tomcat].[localhost].[/jeecg-boot]:173[0;39m - Initializing Spring DispatcherServlet 'dispatcherServlet'
2026-07-12 22:54:59.845 [http-nio-9999-exec-1] [34mINFO [0;39m [36morg.springframework.web.servlet.DispatcherServlet:525[0;39m - Initializing Servlet 'dispatcherServlet'
2026-07-12 22:54:59.848 [http-nio-9999-exec-1] [34mINFO [0;39m [36morg.springframework.web.servlet.DispatcherServlet:547[0;39m - Completed initialization in 2 ms
2026-07-12 22:54:59.869 [http-nio-9999-exec-1] [34mINFO [0;39m [36morg.jeecg.config.shiro.ShiroRealm:97[0;39m - ————————身份认证失败——————————IP地址:  0:0:0:0:0:0:0:1，URL:/jeecg-boot/sys/common/403
2026-07-12 22:55:57.731 [http-nio-9999-exec-2] [34mINFO [0;39m [36morg.jeecg.config.shiro.ShiroRealm:97[0;39m - ————————身份认证失败——————————IP地址:  0:0:0:0:0:0:0:1，URL:/jeecg-boot/error
2026-07-12 22:56:00.311 [http-nio-9999-exec-7] [34mINFO [0;39m [36morg.jeecg.config.shiro.ShiroRealm:97[0;39m - ————————身份认证失败——————————IP地址:  0:0:0:0:0:0:0:1，URL:/jeecg-boot/error
2026-07-12 22:56:06.133 [http-nio-9999-exec-2] [34mINFO [0;39m [36morg.jeecg.config.shiro.ShiroRealm:97[0;39m - ————————身份认证失败——————————IP地址:  0:0:0:0:0:0:0:1，URL:/jeecg-boot/error
2026-07-12 22:56:09.902 [http-nio-9999-exec-8] [34mINFO [0;39m [36morg.jeecg.config.shiro.ShiroRealm:97[0;39m - ————————身份认证失败——————————IP地址:  0:0:0:0:0:0:0:1，URL:/jeecg-boot/error
2026-07-12 22:56:11.854 [http-nio-9999-exec-9] [34mINFO [0;39m [36morg.jeecg.config.shiro.ShiroRealm:97[0;39m - ————————身份认证失败——————————IP地址:  0:0:0:0:0:0:0:1，URL:/jeecg-boot/error
2026-07-12 22:59:20.424 [http-nio-9999-exec-5] [34mINFO [0;39m [36morg.jeecg.modules.message.websocket.WebSocket:43[0;39m - 【系统 WebSocket】有新的连接，总数为:1
2026-07-12 22:59:20.623 [http-nio-9999-exec-6] [34mINFO [0;39m [36morg.jeecg.common.system.query.QueryGenerator:241[0;39m - 排序规则>>列:createTime,排序方式:desc
2026-07-12 23:00:57.340 [http-nio-9999-exec-10] [34mINFO [0;39m [36morg.jeecg.modules.message.websocket.WebSocket:52[0;39m - 【系统 WebSocket】连接断开，总数为:0
2026-07-12 23:00:58.862 [http-nio-9999-exec-1] [34mINFO [0;39m [36morg.jeecg.modules.message.websocket.WebSocket:43[0;39m - 【系统 WebSocket】有新的连接，总数为:1
2026-07-12 23:02:12.225 [http-nio-9999-exec-10] [34mINFO [0;39m [36morg.jeecg.modules.message.websocket.WebSocket:52[0;39m - 【系统 WebSocket】连接断开，总数为:0
2026-07-12 23:02:14.150 [http-nio-9999-exec-1] [34mINFO [0;39m [36morg.jeecg.modules.message.websocket.WebSocket:43[0;39m - 【系统 WebSocket】有新的连接，总数为:1
2026-07-12 23:02:31.954 [http-nio-9999-exec-7] [34mINFO [0;39m [36morg.jeecg.modules.message.websocket.WebSocket:52[0;39m - 【系统 WebSocket】连接断开，总数为:0
2026-07-12 23:02:33.868 [http-nio-9999-exec-5] [34mINFO [0;39m [36morg.jeecg.modules.message.websocket.WebSocket:43[0;39m - 【系统 WebSocket】有新的连接，总数为:1
2026-07-12 23:02:35.866 [http-nio-9999-exec-8] [34mINFO [0;39m [36morg.jeecg.config.shiro.ShiroRealm:97[0;39m - ————————身份认证失败——————————IP地址:  0:0:0:0:0:0:0:1，URL:/jeecg-boot/standardmanagement/ietmStandard/treeList
2026-07-12 23:02:40.621 [http-nio-9999-exec-7] [34mINFO [0;39m [36morg.jeecg.modules.message.websocket.WebSocket:52[0;39m - 【系统 WebSocket】连接断开，总数为:0
2026-07-12 23:03:09.696 [http-nio-9999-exec-4] [34mINFO [0;39m [36mo.j.c.modules.redis.writer.JeecgRedisCacheWriter:113[0;39m - redis remove key:sys:cache:encrypt:user::admin
2026-07-12 23:03:09.776 [http-nio-9999-exec-2] [34mINFO [0;39m [36mo.j.c.desensitization.aspect.SensitiveDataAspect:76[0;39m - 加密操作，Aspect程序耗时：1ms
2026-07-12 23:03:11.012 [http-nio-9999-exec-6] [34mINFO [0;39m [36morg.jeecg.modules.message.websocket.WebSocket:43[0;39m - 【系统 WebSocket】有新的连接，总数为:1
2026-07-12 23:03:11.238 [http-nio-9999-exec-7] [34mINFO [0;39m [36morg.jeecg.common.system.query.QueryGenerator:241[0;39m - 排序规则>>列:createTime,排序方式:desc
[INFO] ------------------------------------------------------------------------
[INFO] BUILD FAILURE
[INFO] ------------------------------------------------------------------------
[INFO] Total time:  13:07 min
[INFO] Finished at: 2026-07-12T23:07:01+08:00
[INFO] ------------------------------------------------------------------------
[ERROR] Failed to execute goal org.springframework.boot:spring-boot-maven-plugin:2.6.14:run (default-cli) on project jeecg-system-start: Application finished with exit code: 1 -> [Help 1]
[ERROR] 
[ERROR] To see the full stack trace of the errors, re-run Maven with the -e switch.
[ERROR] Re-run Maven using the -X switch to enable full debug logging.
[ERROR] 
[ERROR] For more information about the errors and possible solutions, please read the following articles:
[ERROR] [Help 1] http://cwiki.apache.org/confluence/display/MAVEN/MojoExecutionException
Picked up JAVA_TOOL_OPTIONS: -Dfile.encoding=UTF-8
